[2018-06-20 21:48:53 -0400] [97422] [INFO] Starting gunicorn 19.8.1
[2018-06-20 21:48:53 -0400] [97422] [INFO] Listening at: http://127.0.0.1:8000 (97422)
[2018-06-20 21:48:53 -0400] [97422] [INFO] Using worker: sync
[2018-06-20 21:48:53 -0400] [97425] [INFO] Booting worker with pid: 97425
[2018-06-20 21:48:53 -0400] [97426] [INFO] Booting worker with pid: 97426
[2018-06-20 21:48:53 -0400] [97427] [INFO] Booting worker with pid: 97427
[2018-06-20 21:48:53 -0400] [97428] [INFO] Booting worker with pid: 97428
[2018-06-20 21:48:53 -0400] [97426] [INFO] Hello World. App is ready to serve you now!
[2018-06-20 21:48:53 -0400] [97425] [INFO] Hello World. App is ready to serve you now!
[2018-06-20 21:48:53 -0400] [97427] [INFO] Hello World. App is ready to serve you now!
[2018-06-20 21:48:53 -0400] [97428] [INFO] Hello World. App is ready to serve you now!
[2018-06-20 21:49:01 -0400] [97422] [INFO] Handling signal: int
[2018-06-20 21:49:01 -0400] [97425] [INFO] Worker exiting (pid: 97425)
[2018-06-20 21:49:01 -0400] [97427] [INFO] Worker exiting (pid: 97427)
[2018-06-20 21:49:01 -0400] [97428] [INFO] Worker exiting (pid: 97428)
[2018-06-20 21:49:01 -0400] [97426] [INFO] Worker exiting (pid: 97426)
[2018-06-20 21:49:01 -0400] [97422] [INFO] Shutting down: Master
[2018-06-20 21:49:42 -0400] [97504] [INFO] Starting gunicorn 19.8.1
[2018-06-20 21:49:42 -0400] [97504] [INFO] Listening at: http://127.0.0.1:8000 (97504)
[2018-06-20 21:49:42 -0400] [97504] [INFO] Using worker: sync
[2018-06-20 21:49:42 -0400] [97507] [INFO] Booting worker with pid: 97507
[2018-06-20 21:49:42 -0400] [97508] [INFO] Booting worker with pid: 97508
[2018-06-20 21:49:42 -0400] [97509] [INFO] Booting worker with pid: 97509
[2018-06-20 21:49:42 -0400] [97510] [INFO] Booting worker with pid: 97510
[2018-06-20 21:49:42 -0400] [97507] [INFO] Hello World. App is ready to serve you now!
[2018-06-20 21:49:43 -0400] [97508] [INFO] Hello World. App is ready to serve you now!
[2018-06-20 21:49:43 -0400] [97509] [INFO] Hello World. App is ready to serve you now!
[2018-06-20 21:49:43 -0400] [97510] [INFO] Hello World. App is ready to serve you now!
[2018-06-20 21:49:45 -0400] [97504] [INFO] Handling signal: int
[2018-06-20 21:49:45 -0400] [97507] [INFO] Worker exiting (pid: 97507)
[2018-06-20 21:49:45 -0400] [97510] [INFO] Worker exiting (pid: 97510)
[2018-06-20 21:49:45 -0400] [97509] [INFO] Worker exiting (pid: 97509)
[2018-06-20 21:49:45 -0400] [97508] [INFO] Worker exiting (pid: 97508)
[2018-06-20 21:49:45 -0400] [97504] [INFO] Shutting down: Master
